<?xml version="1.0" encoding="UTF-8"?>
<!-- Generated by org.testng.reporters.JUnitReportReporter -->
<testsuite hostname="Latika" failures="0" tests="5" name="Assignment2_PageObjectModel.LoginPageTestCases" time="13.023" errors="0" timestamp="2024-09-19T00:18:43 IST" skipped="0">
  <testcase classname="Assignment2_PageObjectModel.LoginPageTestCases" name="verifyUrl" time="2.690"/>
  <testcase classname="Assignment2_PageObjectModel.LoginPageTestCases" name="verifyTitle" time="1.831"/>
  <testcase classname="Assignment2_PageObjectModel.LoginPageTestCases" name="verifywithValidCredentials" time="3.063"/>
  <testcase classname="Assignment2_PageObjectModel.LoginPageTestCases" name="verifywithInvalidUsername" time="2.559"/>
  <testcase classname="Assignment2_PageObjectModel.LoginPageTestCases" name="verifywithInValidPassword" time="2.880"/>
</testsuite> <!-- Assignment2_PageObjectModel.LoginPageTestCases -->
