<?xml version="1.0" encoding="UTF-8"?>
<!-- Generated by org.testng.reporters.JUnitReportReporter -->
<testsuite hostname="Latika" failures="0" tests="3" name="com.SwagLabs.TestCases.LoginPageTests" time="0.321" errors="0" timestamp="2024-09-15T23:36:40 IST" skipped="0">
  <testcase classname="com.SwagLabs.TestCases.LoginPageTests" name="validateUrl" time="0.015"/>
  <testcase classname="com.SwagLabs.TestCases.LoginPageTests" name="validateTitle" time="0.013"/>
  <testcase classname="com.SwagLabs.TestCases.LoginPageTests" name="validateLogin" time="0.293"/>
</testsuite> <!-- com.SwagLabs.TestCases.LoginPageTests -->
